<?xml version="1.0" encoding="UTF-8"?>
<!-- Generated by org.testng.reporters.JUnitXMLReporter -->
<testsuite hostname="RSLPTP1013" ignored="0" name="searchTest4" tests="1" failures="1" timestamp="28 Jan 2020 13:42:15 GMT" time="15.014" errors="0">
  <testcase name="searchCases" time="0.001" classname="org.parallelExecTest.SearchTest">
    <failure type="java.lang.NullPointerException">
      <![CDATA[java.lang.NullPointerException
at org.parallelExecTest.SearchTest.searchCases(SearchTest.java:32)
at java.util.concurrent.FutureTask.run(Unknown Source)
at java.util.concurrent.ThreadPoolExecutor.runWorker(Unknown Source)
at java.util.concurrent.ThreadPoolExecutor$Worker.run(Unknown Source)
at java.lang.Thread.run(Unknown Source)
... Removed 16 stack frames]]>
    </failure>
  </testcase> <!-- searchCases -->
</testsuite> <!-- searchTest4 -->
